0 info it worked if it ends with ok
1 verbose cli [ '/usr/bin/node',
1 verbose cli   '/usr/bin/npm',
1 verbose cli   'install',
1 verbose cli   '--',
1 verbose cli   'save-dev',
1 verbose cli   'gulp-jshint',
1 verbose cli   'gulp-js.cs',
1 verbose cli   'jshint-stylish' ]
2 info using npm@3.10.8
3 info using node@v6.9.1
4 silly loadCurrentTree Starting
5 silly install loadCurrentTree
6 silly install readLocalPackageData
7 silly fetchPackageMetaData save-dev
8 silly fetchPackageMetaData gulp-jshint
9 silly fetchPackageMetaData gulp-js.cs
10 silly fetchPackageMetaData jshint-stylish
11 silly fetchNamedPackageData save-dev
12 silly mapToRegistry name save-dev
13 silly mapToRegistry using default registry
14 silly mapToRegistry registry https://registry.npmjs.org/
15 silly mapToRegistry data Result {
15 silly mapToRegistry   raw: 'save-dev',
15 silly mapToRegistry   scope: null,
15 silly mapToRegistry   escapedName: 'save-dev',
15 silly mapToRegistry   name: 'save-dev',
15 silly mapToRegistry   rawSpec: '',
15 silly mapToRegistry   spec: 'latest',
15 silly mapToRegistry   type: 'tag' }
16 silly mapToRegistry uri https://registry.npmjs.org/save-dev
17 silly fetchNamedPackageData gulp-jshint
18 silly mapToRegistry name gulp-jshint
19 silly mapToRegistry using default registry
20 silly mapToRegistry registry https://registry.npmjs.org/
21 silly mapToRegistry data Result {
21 silly mapToRegistry   raw: 'gulp-jshint',
21 silly mapToRegistry   scope: null,
21 silly mapToRegistry   escapedName: 'gulp-jshint',
21 silly mapToRegistry   name: 'gulp-jshint',
21 silly mapToRegistry   rawSpec: '',
21 silly mapToRegistry   spec: 'latest',
21 silly mapToRegistry   type: 'tag' }
22 silly mapToRegistry uri https://registry.npmjs.org/gulp-jshint
23 silly fetchNamedPackageData gulp-js.cs
24 silly mapToRegistry name gulp-js.cs
25 silly mapToRegistry using default registry
26 silly mapToRegistry registry https://registry.npmjs.org/
27 silly mapToRegistry data Result {
27 silly mapToRegistry   raw: 'gulp-js.cs',
27 silly mapToRegistry   scope: null,
27 silly mapToRegistry   escapedName: 'gulp-js.cs',
27 silly mapToRegistry   name: 'gulp-js.cs',
27 silly mapToRegistry   rawSpec: '',
27 silly mapToRegistry   spec: 'latest',
27 silly mapToRegistry   type: 'tag' }
28 silly mapToRegistry uri https://registry.npmjs.org/gulp-js.cs
29 silly fetchNamedPackageData jshint-stylish
30 silly mapToRegistry name jshint-stylish
31 silly mapToRegistry using default registry
32 silly mapToRegistry registry https://registry.npmjs.org/
33 silly mapToRegistry data Result {
33 silly mapToRegistry   raw: 'jshint-stylish',
33 silly mapToRegistry   scope: null,
33 silly mapToRegistry   escapedName: 'jshint-stylish',
33 silly mapToRegistry   name: 'jshint-stylish',
33 silly mapToRegistry   rawSpec: '',
33 silly mapToRegistry   spec: 'latest',
33 silly mapToRegistry   type: 'tag' }
34 silly mapToRegistry uri https://registry.npmjs.org/jshint-stylish
35 verbose request uri https://registry.npmjs.org/gulp-js.cs
36 verbose request no auth needed
37 info attempt registry request try #1 at 10:12:58 AM
38 verbose request id 392bf1556601316f
39 http request GET https://registry.npmjs.org/gulp-js.cs
40 verbose request uri https://registry.npmjs.org/save-dev
41 verbose request no auth needed
42 info attempt registry request try #1 at 10:12:59 AM
43 verbose etag W/"56b928c7-540"
44 verbose lastModified Mon, 08 Feb 2016 23:46:15 GMT
45 http request GET https://registry.npmjs.org/save-dev
46 verbose request uri https://registry.npmjs.org/jshint-stylish
47 verbose request no auth needed
48 info attempt registry request try #1 at 10:12:59 AM
49 verbose etag W/"5880bb21-5ebf"
50 verbose lastModified Thu, 19 Jan 2017 13:12:01 GMT
51 http request GET https://registry.npmjs.org/jshint-stylish
52 verbose request uri https://registry.npmjs.org/gulp-jshint
53 verbose request no auth needed
54 info attempt registry request try #1 at 10:12:59 AM
55 verbose etag W/"58997248-11c33"
56 verbose lastModified Tue, 07 Feb 2017 07:07:52 GMT
57 http request GET https://registry.npmjs.org/gulp-jshint
58 http 304 https://registry.npmjs.org/jshint-stylish
59 verbose headers { date: 'Thu, 09 Feb 2017 07:10:38 GMT',
59 verbose headers   via: '1.1 varnish',
59 verbose headers   'cache-control': 'max-age=300',
59 verbose headers   etag: 'W/"5880bb21-5ebf"',
59 verbose headers   age: '46',
59 verbose headers   connection: 'keep-alive',
59 verbose headers   'x-served-by': 'cache-hhn1530-HHN',
59 verbose headers   'x-cache': 'HIT',
59 verbose headers   'x-cache-hits': '1',
59 verbose headers   'x-timer': 'S1486624238.523845,VS0,VE0',
59 verbose headers   vary: 'Accept-Encoding' }
60 silly get cb [ 304,
60 silly get   { date: 'Thu, 09 Feb 2017 07:10:38 GMT',
60 silly get     via: '1.1 varnish',
60 silly get     'cache-control': 'max-age=300',
60 silly get     etag: 'W/"5880bb21-5ebf"',
60 silly get     age: '46',
60 silly get     connection: 'keep-alive',
60 silly get     'x-served-by': 'cache-hhn1530-HHN',
60 silly get     'x-cache': 'HIT',
60 silly get     'x-cache-hits': '1',
60 silly get     'x-timer': 'S1486624238.523845,VS0,VE0',
60 silly get     vary: 'Accept-Encoding' } ]
61 verbose etag https://registry.npmjs.org/jshint-stylish from cache
62 verbose get saving jshint-stylish to /home/ayhanu/.npm/registry.npmjs.org/jshint-stylish/.cache.json
63 verbose correctMkdir /home/ayhanu/.npm correctMkdir not in flight; initializing
64 http 304 https://registry.npmjs.org/save-dev
65 verbose headers { date: 'Thu, 09 Feb 2017 07:10:38 GMT',
65 verbose headers   via: '1.1 varnish',
65 verbose headers   'cache-control': 'max-age=300',
65 verbose headers   etag: 'W/"56b928c7-540"',
65 verbose headers   age: '46',
65 verbose headers   connection: 'keep-alive',
65 verbose headers   'x-served-by': 'cache-hhn1544-HHN',
65 verbose headers   'x-cache': 'HIT',
65 verbose headers   'x-cache-hits': '1',
65 verbose headers   'x-timer': 'S1486624238.527365,VS0,VE0',
65 verbose headers   vary: 'Accept-Encoding' }
66 silly get cb [ 304,
66 silly get   { date: 'Thu, 09 Feb 2017 07:10:38 GMT',
66 silly get     via: '1.1 varnish',
66 silly get     'cache-control': 'max-age=300',
66 silly get     etag: 'W/"56b928c7-540"',
66 silly get     age: '46',
66 silly get     connection: 'keep-alive',
66 silly get     'x-served-by': 'cache-hhn1544-HHN',
66 silly get     'x-cache': 'HIT',
66 silly get     'x-cache-hits': '1',
66 silly get     'x-timer': 'S1486624238.527365,VS0,VE0',
66 silly get     vary: 'Accept-Encoding' } ]
67 verbose etag https://registry.npmjs.org/save-dev from cache
68 verbose get saving save-dev to /home/ayhanu/.npm/registry.npmjs.org/save-dev/.cache.json
69 verbose correctMkdir /home/ayhanu/.npm correctMkdir already in flight; waiting
70 http 304 https://registry.npmjs.org/gulp-jshint
71 verbose headers { date: 'Thu, 09 Feb 2017 07:10:38 GMT',
71 verbose headers   via: '1.1 varnish',
71 verbose headers   'cache-control': 'max-age=300',
71 verbose headers   etag: 'W/"58997248-11c33"',
71 verbose headers   age: '179',
71 verbose headers   connection: 'keep-alive',
71 verbose headers   'x-served-by': 'cache-hhn1531-HHN',
71 verbose headers   'x-cache': 'HIT',
71 verbose headers   'x-cache-hits': '1',
71 verbose headers   'x-timer': 'S1486624238.561858,VS0,VE0',
71 verbose headers   vary: 'Accept-Encoding' }
72 silly get cb [ 304,
72 silly get   { date: 'Thu, 09 Feb 2017 07:10:38 GMT',
72 silly get     via: '1.1 varnish',
72 silly get     'cache-control': 'max-age=300',
72 silly get     etag: 'W/"58997248-11c33"',
72 silly get     age: '179',
72 silly get     connection: 'keep-alive',
72 silly get     'x-served-by': 'cache-hhn1531-HHN',
72 silly get     'x-cache': 'HIT',
72 silly get     'x-cache-hits': '1',
72 silly get     'x-timer': 'S1486624238.561858,VS0,VE0',
72 silly get     vary: 'Accept-Encoding' } ]
73 verbose etag https://registry.npmjs.org/gulp-jshint from cache
74 verbose get saving gulp-jshint to /home/ayhanu/.npm/registry.npmjs.org/gulp-jshint/.cache.json
75 verbose correctMkdir /home/ayhanu/.npm correctMkdir not in flight; initializing
76 http 404 https://registry.npmjs.org/gulp-js.cs
77 verbose headers { 'content-type': 'application/json',
77 verbose headers   'cache-control': 'max-age=0',
77 verbose headers   'content-length': '2',
77 verbose headers   'accept-ranges': 'bytes',
77 verbose headers   date: 'Thu, 09 Feb 2017 07:10:39 GMT',
77 verbose headers   via: '1.1 varnish',
77 verbose headers   age: '0',
77 verbose headers   connection: 'keep-alive',
77 verbose headers   'x-served-by': 'cache-hhn1545-HHN',
77 verbose headers   'x-cache': 'MISS',
77 verbose headers   'x-cache-hits': '0',
77 verbose headers   'x-timer': 'S1486624238.535930,VS0,VE678',
77 verbose headers   vary: 'Accept-Encoding' }
78 silly get cb [ 404,
78 silly get   { 'content-type': 'application/json',
78 silly get     'cache-control': 'max-age=0',
78 silly get     'content-length': '2',
78 silly get     'accept-ranges': 'bytes',
78 silly get     date: 'Thu, 09 Feb 2017 07:10:39 GMT',
78 silly get     via: '1.1 varnish',
78 silly get     age: '0',
78 silly get     connection: 'keep-alive',
78 silly get     'x-served-by': 'cache-hhn1545-HHN',
78 silly get     'x-cache': 'MISS',
78 silly get     'x-cache-hits': '0',
78 silly get     'x-timer': 'S1486624238.535930,VS0,VE678',
78 silly get     vary: 'Accept-Encoding' } ]
79 silly fetchPackageMetaData Error: Registry returned 404 for GET on https://registry.npmjs.org/gulp-js.cs
79 silly fetchPackageMetaData     at makeError (/usr/lib/node_modules/npm/node_modules.bundled/npm-registry-client/lib/request.js:302:12)
79 silly fetchPackageMetaData     at CachingRegistryClient.<anonymous> (/usr/lib/node_modules/npm/node_modules.bundled/npm-registry-client/lib/request.js:280:14)
79 silly fetchPackageMetaData     at Request._callback (/usr/lib/node_modules/npm/node_modules.bundled/npm-registry-client/lib/request.js:210:14)
79 silly fetchPackageMetaData     at Request.self.callback (/usr/lib/node_modules/npm/node_modules.bundled/request/request.js:187:22)
79 silly fetchPackageMetaData     at emitTwo (events.js:106:13)
79 silly fetchPackageMetaData     at Request.emit (events.js:191:7)
79 silly fetchPackageMetaData     at Request.<anonymous> (/usr/lib/node_modules/npm/node_modules.bundled/request/request.js:1044:10)
79 silly fetchPackageMetaData     at emitOne (events.js:96:13)
79 silly fetchPackageMetaData     at Request.emit (events.js:188:7)
79 silly fetchPackageMetaData     at IncomingMessage.<anonymous> (/usr/lib/node_modules/npm/node_modules.bundled/request/request.js:965:12)
79 silly fetchPackageMetaData  error for gulp-js.cs { Error: Registry returned 404 for GET on https://registry.npmjs.org/gulp-js.cs
79 silly fetchPackageMetaData     at makeError (/usr/lib/node_modules/npm/node_modules.bundled/npm-registry-client/lib/request.js:302:12)
79 silly fetchPackageMetaData     at CachingRegistryClient.<anonymous> (/usr/lib/node_modules/npm/node_modules.bundled/npm-registry-client/lib/request.js:280:14)
79 silly fetchPackageMetaData     at Request._callback (/usr/lib/node_modules/npm/node_modules.bundled/npm-registry-client/lib/request.js:210:14)
79 silly fetchPackageMetaData     at Request.self.callback (/usr/lib/node_modules/npm/node_modules.bundled/request/request.js:187:22)
79 silly fetchPackageMetaData     at emitTwo (events.js:106:13)
79 silly fetchPackageMetaData     at Request.emit (events.js:191:7)
79 silly fetchPackageMetaData     at Request.<anonymous> (/usr/lib/node_modules/npm/node_modules.bundled/request/request.js:1044:10)
79 silly fetchPackageMetaData     at emitOne (events.js:96:13)
79 silly fetchPackageMetaData     at Request.emit (events.js:188:7)
79 silly fetchPackageMetaData     at IncomingMessage.<anonymous> (/usr/lib/node_modules/npm/node_modules.bundled/request/request.js:965:12) pkgid: 'gulp-js.cs', statusCode: 404, code: 'E404' }
80 silly rollbackFailedOptional Starting
81 silly rollbackFailedOptional Finishing
82 silly runTopLevelLifecycles Finishing
83 silly install printInstalled
84 verbose stack Error: Registry returned 404 for GET on https://registry.npmjs.org/gulp-js.cs
84 verbose stack     at makeError (/usr/lib/node_modules/npm/node_modules.bundled/npm-registry-client/lib/request.js:302:12)
84 verbose stack     at CachingRegistryClient.<anonymous> (/usr/lib/node_modules/npm/node_modules.bundled/npm-registry-client/lib/request.js:280:14)
84 verbose stack     at Request._callback (/usr/lib/node_modules/npm/node_modules.bundled/npm-registry-client/lib/request.js:210:14)
84 verbose stack     at Request.self.callback (/usr/lib/node_modules/npm/node_modules.bundled/request/request.js:187:22)
84 verbose stack     at emitTwo (events.js:106:13)
84 verbose stack     at Request.emit (events.js:191:7)
84 verbose stack     at Request.<anonymous> (/usr/lib/node_modules/npm/node_modules.bundled/request/request.js:1044:10)
84 verbose stack     at emitOne (events.js:96:13)
84 verbose stack     at Request.emit (events.js:188:7)
84 verbose stack     at IncomingMessage.<anonymous> (/usr/lib/node_modules/npm/node_modules.bundled/request/request.js:965:12)
85 verbose statusCode 404
86 verbose pkgid gulp-js.cs
87 verbose cwd /home/ayhanu/git/examples/nodejs-express-web
88 error Linux 3.10.0-514.6.1.el7.x86_64
89 error argv "/usr/bin/node" "/usr/bin/npm" "install" "--" "save-dev" "gulp-jshint" "gulp-js.cs" "jshint-stylish"
90 error node v6.9.1
91 error npm  v3.10.8
92 error code E404
93 error 404 Registry returned 404 for GET on https://registry.npmjs.org/gulp-js.cs
94 error 404
95 error 404 'gulp-js.cs' is not in the npm registry.
96 error 404 You should bug the author to publish it (or use the name yourself!)
97 error 404 Note that you can also install from a
98 error 404 tarball, folder, http url, or git url.
99 verbose exit [ 1, true ]
